Determining if the pthread_create exist failed with the following output:
Change Dir: /work/build/CMakeFiles/CMakeTmp

Run Build Command:"/usr/bin/make" "cmTC_8c0aa/fast"
/usr/bin/make -f CMakeFiles/cmTC_8c0aa.dir/build.make CMakeFiles/cmTC_8c0aa.dir/build
make[1]: Entering directory '/work/build/CMakeFiles/CMakeTmp'
Building CXX object CMakeFiles/cmTC_8c0aa.dir/CheckSymbolExists.cxx.o
/usr/bin/c++    -std=gnu++1z -o CMakeFiles/cmTC_8c0aa.dir/CheckSymbolExists.cxx.o -c /work/build/CMakeFiles/CMakeTmp/CheckSymbolExists.cxx
Linking CXX executable cmTC_8c0aa
/usr/bin/cmake -E cmake_link_script CMakeFiles/cmTC_8c0aa.dir/link.txt --verbose=1
/usr/bin/c++       CMakeFiles/cmTC_8c0aa.dir/CheckSymbolExists.cxx.o  -o cmTC_8c0aa 
CMakeFiles/cmTC_8c0aa.dir/CheckSymbolExists.cxx.o: In function `main':
CheckSymbolExists.cxx:(.text+0x1b): undefined reference to `pthread_create'
collect2: error: ld returned 1 exit status
CMakeFiles/cmTC_8c0aa.dir/build.make:97: recipe for target 'cmTC_8c0aa' failed
make[1]: *** [cmTC_8c0aa] Error 1
make[1]: Leaving directory '/work/build/CMakeFiles/CMakeTmp'
Makefile:126: recipe for target 'cmTC_8c0aa/fast' failed
make: *** [cmTC_8c0aa/fast] Error 2

File /work/build/CMakeFiles/CMakeTmp/CheckSymbolExists.cxx:
/* */
#include <pthread.h>

int main(int argc, char** argv)
{
  (void)argv;
#ifndef pthread_create
  return ((int*)(&pthread_create))[argc];
#else
  (void)argc;
  return 0;
#endif
}

Determining if the function pthread_create exists in the pthreads failed with the following output:
Change Dir: /work/build/CMakeFiles/CMakeTmp

Run Build Command:"/usr/bin/make" "cmTC_1e83e/fast"
/usr/bin/make -f CMakeFiles/cmTC_1e83e.dir/build.make CMakeFiles/cmTC_1e83e.dir/build
make[1]: Entering directory '/work/build/CMakeFiles/CMakeTmp'
Building CXX object CMakeFiles/cmTC_1e83e.dir/CheckFunctionExists.cxx.o
/usr/bin/c++    -DCHECK_FUNCTION_EXISTS=pthread_create   -std=gnu++1z -o CMakeFiles/cmTC_1e83e.dir/CheckFunctionExists.cxx.o -c /work/build/CMakeFiles/CheckLibraryExists/CheckFunctionExists.cxx
Linking CXX executable cmTC_1e83e
/usr/bin/cmake -E cmake_link_script CMakeFiles/cmTC_1e83e.dir/link.txt --verbose=1
/usr/bin/c++   -DCHECK_FUNCTION_EXISTS=pthread_create    CMakeFiles/cmTC_1e83e.dir/CheckFunctionExists.cxx.o  -o cmTC_1e83e -lpthreads 
/usr/bin/ld: cannot find -lpthreads
collect2: error: ld returned 1 exit status
CMakeFiles/cmTC_1e83e.dir/build.make:97: recipe for target 'cmTC_1e83e' failed
make[1]: *** [cmTC_1e83e] Error 1
make[1]: Leaving directory '/work/build/CMakeFiles/CMakeTmp'
Makefile:126: recipe for target 'cmTC_1e83e/fast' failed
make: *** [cmTC_1e83e/fast] Error 2


